2020-08-29T15:46:35-0400 <error> estate.js:130 (getContractTypes.catch) Could not load contractTypes.  { Error: ER_ACCESS_DENIED_ERROR: Access denied for user 'root'@'localhost' (using password: YES)
    at Handshake.Sequence._packetToError (/home/jaydiazsantana/Projects/bohios-pro/node_modules/mysql/lib/protocol/sequences/Sequence.js:47:14)
    at Handshake.ErrorPacket (/home/jaydiazsantana/Projects/bohios-pro/node_modules/mysql/lib/protocol/sequences/Handshake.js:123:18)
    at Protocol._parsePacket (/home/jaydiazsantana/Projects/bohios-pro/node_modules/mysql/lib/protocol/Protocol.js:291:23)
    at Parser._parsePacket (/home/jaydiazsantana/Projects/bohios-pro/node_modules/mysql/lib/protocol/Parser.js:433:10)
    at Parser.write (/home/jaydiazsantana/Projects/bohios-pro/node_modules/mysql/lib/protocol/Parser.js:43:10)
    at Protocol.write (/home/jaydiazsantana/Projects/bohios-pro/node_modules/mysql/lib/protocol/Protocol.js:38:16)
    at Socket.<anonymous> (/home/jaydiazsantana/Projects/bohios-pro/node_modules/mysql/lib/Connection.js:88:28)
    at Socket.<anonymous> (/home/jaydiazsantana/Projects/bohios-pro/node_modules/mysql/lib/Connection.js:526:10)
    at Socket.emit (events.js:198:13)
    at addChunk (_stream_readable.js:288:12)
    --------------------
    at Protocol._enqueue (/home/jaydiazsantana/Projects/bohios-pro/node_modules/mysql/lib/protocol/Protocol.js:144:48)
    at Protocol.handshake (/home/jaydiazsantana/Projects/bohios-pro/node_modules/mysql/lib/protocol/Protocol.js:51:23)
    at PoolConnection.connect (/home/jaydiazsantana/Projects/bohios-pro/node_modules/mysql/lib/Connection.js:116:18)
    at Pool.getConnection (/home/jaydiazsantana/Projects/bohios-pro/node_modules/mysql/lib/Pool.js:48:16)
    at Pool.query (/home/jaydiazsantana/Projects/bohios-pro/node_modules/mysql/lib/Pool.js:202:8)
    at Promise (/home/jaydiazsantana/Projects/bohios-pro/services/estate.js:5:21)
    at new Promise (<anonymous>)
    at getContractTypes (/home/jaydiazsantana/Projects/bohios-pro/services/estate.js:4:3)
    at getEstateForm (/home/jaydiazsantana/Projects/bohios-pro/controllers/estate.js:129:29)
    at Layer.handle [as handle_request] (/home/jaydiazsantana/Projects/bohios-pro/node_modules/express/lib/router/layer.js:95:5)
  code: 'ER_ACCESS_DENIED_ERROR',
  errno: 1045,
  sqlMessage:
   'Access denied for user \'root\'@\'localhost\' (using password: YES)',
  sqlState: '28000',
  fatal: true }
2020-08-29T15:46:35-0400 <error> estate.js:135 (getEstateTypes.catch) Could not load estateTypes.  { Error: ER_ACCESS_DENIED_ERROR: Access denied for user 'root'@'localhost' (using password: YES)
    at Handshake.Sequence._packetToError (/home/jaydiazsantana/Projects/bohios-pro/node_modules/mysql/lib/protocol/sequences/Sequence.js:47:14)
    at Handshake.ErrorPacket (/home/jaydiazsantana/Projects/bohios-pro/node_modules/mysql/lib/protocol/sequences/Handshake.js:123:18)
    at Protocol._parsePacket (/home/jaydiazsantana/Projects/bohios-pro/node_modules/mysql/lib/protocol/Protocol.js:291:23)
    at Parser._parsePacket (/home/jaydiazsantana/Projects/bohios-pro/node_modules/mysql/lib/protocol/Parser.js:433:10)
    at Parser.write (/home/jaydiazsantana/Projects/bohios-pro/node_modules/mysql/lib/protocol/Parser.js:43:10)
    at Protocol.write (/home/jaydiazsantana/Projects/bohios-pro/node_modules/mysql/lib/protocol/Protocol.js:38:16)
    at Socket.<anonymous> (/home/jaydiazsantana/Projects/bohios-pro/node_modules/mysql/lib/Connection.js:88:28)
    at Socket.<anonymous> (/home/jaydiazsantana/Projects/bohios-pro/node_modules/mysql/lib/Connection.js:526:10)
    at Socket.emit (events.js:198:13)
    at addChunk (_stream_readable.js:288:12)
    --------------------
    at Protocol._enqueue (/home/jaydiazsantana/Projects/bohios-pro/node_modules/mysql/lib/protocol/Protocol.js:144:48)
    at Protocol.handshake (/home/jaydiazsantana/Projects/bohios-pro/node_modules/mysql/lib/protocol/Protocol.js:51:23)
    at PoolConnection.connect (/home/jaydiazsantana/Projects/bohios-pro/node_modules/mysql/lib/Connection.js:116:18)
    at Pool.getConnection (/home/jaydiazsantana/Projects/bohios-pro/node_modules/mysql/lib/Pool.js:48:16)
    at Pool.query (/home/jaydiazsantana/Projects/bohios-pro/node_modules/mysql/lib/Pool.js:202:8)
    at Promise (/home/jaydiazsantana/Projects/bohios-pro/services/estate.js:20:21)
    at new Promise (<anonymous>)
    at getEstateTypes (/home/jaydiazsantana/Projects/bohios-pro/services/estate.js:19:3)
    at getEstateForm (/home/jaydiazsantana/Projects/bohios-pro/controllers/estate.js:134:27)
    at process._tickCallback (internal/process/next_tick.js:68:7)
  code: 'ER_ACCESS_DENIED_ERROR',
  errno: 1045,
  sqlMessage:
   'Access denied for user \'root\'@\'localhost\' (using password: YES)',
  sqlState: '28000',
  fatal: true }
2020-08-29T15:46:35-0400 <error> estate.js:140 (getCurrencies.catch) Could not load currencyList.  { Error: ER_ACCESS_DENIED_ERROR: Access denied for user 'root'@'localhost' (using password: YES)
    at Handshake.Sequence._packetToError (/home/jaydiazsantana/Projects/bohios-pro/node_modules/mysql/lib/protocol/sequences/Sequence.js:47:14)
    at Handshake.ErrorPacket (/home/jaydiazsantana/Projects/bohios-pro/node_modules/mysql/lib/protocol/sequences/Handshake.js:123:18)
    at Protocol._parsePacket (/home/jaydiazsantana/Projects/bohios-pro/node_modules/mysql/lib/protocol/Protocol.js:291:23)
    at Parser._parsePacket (/home/jaydiazsantana/Projects/bohios-pro/node_modules/mysql/lib/protocol/Parser.js:433:10)
    at Parser.write (/home/jaydiazsantana/Projects/bohios-pro/node_modules/mysql/lib/protocol/Parser.js:43:10)
    at Protocol.write (/home/jaydiazsantana/Projects/bohios-pro/node_modules/mysql/lib/protocol/Protocol.js:38:16)
    at Socket.<anonymous> (/home/jaydiazsantana/Projects/bohios-pro/node_modules/mysql/lib/Connection.js:88:28)
    at Socket.<anonymous> (/home/jaydiazsantana/Projects/bohios-pro/node_modules/mysql/lib/Connection.js:526:10)
    at Socket.emit (events.js:198:13)
    at addChunk (_stream_readable.js:288:12)
    --------------------
    at Protocol._enqueue (/home/jaydiazsantana/Projects/bohios-pro/node_modules/mysql/lib/protocol/Protocol.js:144:48)
    at Protocol.handshake (/home/jaydiazsantana/Projects/bohios-pro/node_modules/mysql/lib/protocol/Protocol.js:51:23)
    at PoolConnection.connect (/home/jaydiazsantana/Projects/bohios-pro/node_modules/mysql/lib/Connection.js:116:18)
    at Pool.getConnection (/home/jaydiazsantana/Projects/bohios-pro/node_modules/mysql/lib/Pool.js:48:16)
    at Pool.query (/home/jaydiazsantana/Projects/bohios-pro/node_modules/mysql/lib/Pool.js:202:8)
    at Promise (/home/jaydiazsantana/Projects/bohios-pro/services/estate.js:32:21)
    at new Promise (<anonymous>)
    at getCurrencies (/home/jaydiazsantana/Projects/bohios-pro/services/estate.js:31:3)
    at getEstateForm (/home/jaydiazsantana/Projects/bohios-pro/controllers/estate.js:139:26)
    at process._tickCallback (internal/process/next_tick.js:68:7)
  code: 'ER_ACCESS_DENIED_ERROR',
  errno: 1045,
  sqlMessage:
   'Access denied for user \'root\'@\'localhost\' (using password: YES)',
  sqlState: '28000',
  fatal: true }
2020-08-29T15:46:35-0400 <error> estate.js:145 (getProvinces.catch) Could not load provinces.  { Error: ER_ACCESS_DENIED_ERROR: Access denied for user 'root'@'localhost' (using password: YES)
    at Handshake.Sequence._packetToError (/home/jaydiazsantana/Projects/bohios-pro/node_modules/mysql/lib/protocol/sequences/Sequence.js:47:14)
    at Handshake.ErrorPacket (/home/jaydiazsantana/Projects/bohios-pro/node_modules/mysql/lib/protocol/sequences/Handshake.js:123:18)
    at Protocol._parsePacket (/home/jaydiazsantana/Projects/bohios-pro/node_modules/mysql/lib/protocol/Protocol.js:291:23)
    at Parser._parsePacket (/home/jaydiazsantana/Projects/bohios-pro/node_modules/mysql/lib/protocol/Parser.js:433:10)
    at Parser.write (/home/jaydiazsantana/Projects/bohios-pro/node_modules/mysql/lib/protocol/Parser.js:43:10)
    at Protocol.write (/home/jaydiazsantana/Projects/bohios-pro/node_modules/mysql/lib/protocol/Protocol.js:38:16)
    at Socket.<anonymous> (/home/jaydiazsantana/Projects/bohios-pro/node_modules/mysql/lib/Connection.js:88:28)
    at Socket.<anonymous> (/home/jaydiazsantana/Projects/bohios-pro/node_modules/mysql/lib/Connection.js:526:10)
    at Socket.emit (events.js:198:13)
    at addChunk (_stream_readable.js:288:12)
    --------------------
    at Protocol._enqueue (/home/jaydiazsantana/Projects/bohios-pro/node_modules/mysql/lib/protocol/Protocol.js:144:48)
    at Protocol.handshake (/home/jaydiazsantana/Projects/bohios-pro/node_modules/mysql/lib/protocol/Protocol.js:51:23)
    at PoolConnection.connect (/home/jaydiazsantana/Projects/bohios-pro/node_modules/mysql/lib/Connection.js:116:18)
    at Pool.getConnection (/home/jaydiazsantana/Projects/bohios-pro/node_modules/mysql/lib/Pool.js:48:16)
    at Pool.query (/home/jaydiazsantana/Projects/bohios-pro/node_modules/mysql/lib/Pool.js:202:8)
    at Promise (/home/jaydiazsantana/Projects/bohios-pro/services/estate.js:44:21)
    at new Promise (<anonymous>)
    at getProvinces (/home/jaydiazsantana/Projects/bohios-pro/services/estate.js:43:3)
    at getEstateForm (/home/jaydiazsantana/Projects/bohios-pro/controllers/estate.js:144:25)
    at process._tickCallback (internal/process/next_tick.js:68:7)
  code: 'ER_ACCESS_DENIED_ERROR',
  errno: 1045,
  sqlMessage:
   'Access denied for user \'root\'@\'localhost\' (using password: YES)',
  sqlState: '28000',
  fatal: true }
2020-08-29T15:46:35-0400 <error> estate.js:150 (getAmenities.catch) Could not load amenities.  { Error: ER_ACCESS_DENIED_ERROR: Access denied for user 'root'@'localhost' (using password: YES)
    at Handshake.Sequence._packetToError (/home/jaydiazsantana/Projects/bohios-pro/node_modules/mysql/lib/protocol/sequences/Sequence.js:47:14)
    at Handshake.ErrorPacket (/home/jaydiazsantana/Projects/bohios-pro/node_modules/mysql/lib/protocol/sequences/Handshake.js:123:18)
    at Protocol._parsePacket (/home/jaydiazsantana/Projects/bohios-pro/node_modules/mysql/lib/protocol/Protocol.js:291:23)
    at Parser._parsePacket (/home/jaydiazsantana/Projects/bohios-pro/node_modules/mysql/lib/protocol/Parser.js:433:10)
    at Parser.write (/home/jaydiazsantana/Projects/bohios-pro/node_modules/mysql/lib/protocol/Parser.js:43:10)
    at Protocol.write (/home/jaydiazsantana/Projects/bohios-pro/node_modules/mysql/lib/protocol/Protocol.js:38:16)
    at Socket.<anonymous> (/home/jaydiazsantana/Projects/bohios-pro/node_modules/mysql/lib/Connection.js:88:28)
    at Socket.<anonymous> (/home/jaydiazsantana/Projects/bohios-pro/node_modules/mysql/lib/Connection.js:526:10)
    at Socket.emit (events.js:198:13)
    at addChunk (_stream_readable.js:288:12)
    --------------------
    at Protocol._enqueue (/home/jaydiazsantana/Projects/bohios-pro/node_modules/mysql/lib/protocol/Protocol.js:144:48)
    at Protocol.handshake (/home/jaydiazsantana/Projects/bohios-pro/node_modules/mysql/lib/protocol/Protocol.js:51:23)
    at PoolConnection.connect (/home/jaydiazsantana/Projects/bohios-pro/node_modules/mysql/lib/Connection.js:116:18)
    at Pool.getConnection (/home/jaydiazsantana/Projects/bohios-pro/node_modules/mysql/lib/Pool.js:48:16)
    at Pool.query (/home/jaydiazsantana/Projects/bohios-pro/node_modules/mysql/lib/Pool.js:202:8)
    at Promise (/home/jaydiazsantana/Projects/bohios-pro/services/estate.js:96:21)
    at new Promise (<anonymous>)
    at getAmenities (/home/jaydiazsantana/Projects/bohios-pro/services/estate.js:88:3)
    at getEstateForm (/home/jaydiazsantana/Projects/bohios-pro/controllers/estate.js:149:25)
    at process._tickCallback (internal/process/next_tick.js:68:7)
  code: 'ER_ACCESS_DENIED_ERROR',
  errno: 1045,
  sqlMessage:
   'Access denied for user \'root\'@\'localhost\' (using password: YES)',
  sqlState: '28000',
  fatal: true }
2020-08-29T15:46:35-0400 <error> estate.js:65 (localQuery.catch) Could not load estates.  { Error: ER_ACCESS_DENIED_ERROR: Access denied for user 'root'@'localhost' (using password: YES)
    at Handshake.Sequence._packetToError (/home/jaydiazsantana/Projects/bohios-pro/node_modules/mysql/lib/protocol/sequences/Sequence.js:47:14)
    at Handshake.ErrorPacket (/home/jaydiazsantana/Projects/bohios-pro/node_modules/mysql/lib/protocol/sequences/Handshake.js:123:18)
    at Protocol._parsePacket (/home/jaydiazsantana/Projects/bohios-pro/node_modules/mysql/lib/protocol/Protocol.js:291:23)
    at Parser._parsePacket (/home/jaydiazsantana/Projects/bohios-pro/node_modules/mysql/lib/protocol/Parser.js:433:10)
    at Parser.write (/home/jaydiazsantana/Projects/bohios-pro/node_modules/mysql/lib/protocol/Parser.js:43:10)
    at Protocol.write (/home/jaydiazsantana/Projects/bohios-pro/node_modules/mysql/lib/protocol/Protocol.js:38:16)
    at Socket.<anonymous> (/home/jaydiazsantana/Projects/bohios-pro/node_modules/mysql/lib/Connection.js:88:28)
    at Socket.<anonymous> (/home/jaydiazsantana/Projects/bohios-pro/node_modules/mysql/lib/Connection.js:526:10)
    at Socket.emit (events.js:198:13)
    at addChunk (_stream_readable.js:288:12)
    --------------------
    at Protocol._enqueue (/home/jaydiazsantana/Projects/bohios-pro/node_modules/mysql/lib/protocol/Protocol.js:144:48)
    at Protocol.handshake (/home/jaydiazsantana/Projects/bohios-pro/node_modules/mysql/lib/protocol/Protocol.js:51:23)
    at PoolConnection.connect (/home/jaydiazsantana/Projects/bohios-pro/node_modules/mysql/lib/Connection.js:116:18)
    at Pool.getConnection (/home/jaydiazsantana/Projects/bohios-pro/node_modules/mysql/lib/Pool.js:48:16)
    at Pool.query (/home/jaydiazsantana/Projects/bohios-pro/node_modules/mysql/lib/Pool.js:202:8)
    at Promise (/home/jaydiazsantana/Projects/bohios-pro/services/mysql.js:9:21)
    at new Promise (<anonymous>)
    at localQuery (/home/jaydiazsantana/Projects/bohios-pro/services/mysql.js:8:3)
    at getEstates (/home/jaydiazsantana/Projects/bohios-pro/controllers/estate.js:64:23)
    at Layer.handle [as handle_request] (/home/jaydiazsantana/Projects/bohios-pro/node_modules/express/lib/router/layer.js:95:5)
  code: 'ER_ACCESS_DENIED_ERROR',
  errno: 1045,
  sqlMessage:
   'Access denied for user \'root\'@\'localhost\' (using password: YES)',
  sqlState: '28000',
  fatal: true }
2020-09-04T22:58:37-0400 <error> tour.js:42 (saveTour) No se pudo leer tourList.  Unexpected token u in JSON at position 0
2020-09-05T12:31:00-0400 <error> promoted.js:21 (localQuery.catch) Could not load promoted List.  { Error: ER_PARSE_ERROR: You have an error in your SQL syntax; check the manual that corresponds to your MySQL server version for the right syntax to use near 'where id > 0 
  
  order by id desc' at line 1
    at Query.Sequence._packetToError (/home/jaydiazsantana/Projects/bohios-pro/node_modules/mysql/lib/protocol/sequences/Sequence.js:47:14)
    at Query.ErrorPacket (/home/jaydiazsantana/Projects/bohios-pro/node_modules/mysql/lib/protocol/sequences/Query.js:79:18)
    at Protocol._parsePacket (/home/jaydiazsantana/Projects/bohios-pro/node_modules/mysql/lib/protocol/Protocol.js:291:23)
    at Parser._parsePacket (/home/jaydiazsantana/Projects/bohios-pro/node_modules/mysql/lib/protocol/Parser.js:433:10)
    at Parser.write (/home/jaydiazsantana/Projects/bohios-pro/node_modules/mysql/lib/protocol/Parser.js:43:10)
    at Protocol.write (/home/jaydiazsantana/Projects/bohios-pro/node_modules/mysql/lib/protocol/Protocol.js:38:16)
    at Socket.<anonymous> (/home/jaydiazsantana/Projects/bohios-pro/node_modules/mysql/lib/Connection.js:88:28)
    at Socket.<anonymous> (/home/jaydiazsantana/Projects/bohios-pro/node_modules/mysql/lib/Connection.js:526:10)
    at Socket.emit (events.js:198:13)
    at addChunk (_stream_readable.js:288:12)
    --------------------
    at Pool.query (/home/jaydiazsantana/Projects/bohios-pro/node_modules/mysql/lib/Pool.js:199:23)
    at Promise (/home/jaydiazsantana/Projects/bohios-pro/services/mysql.js:9:21)
    at new Promise (<anonymous>)
    at localQuery (/home/jaydiazsantana/Projects/bohios-pro/services/mysql.js:8:3)
    at getPromoted (/home/jaydiazsantana/Projects/bohios-pro/controllers/promoted.js:20:24)
    at Layer.handle [as handle_request] (/home/jaydiazsantana/Projects/bohios-pro/node_modules/express/lib/router/layer.js:95:5)
    at next (/home/jaydiazsantana/Projects/bohios-pro/node_modules/express/lib/router/route.js:137:13)
    at Route.dispatch (/home/jaydiazsantana/Projects/bohios-pro/node_modules/express/lib/router/route.js:112:3)
    at Layer.handle [as handle_request] (/home/jaydiazsantana/Projects/bohios-pro/node_modules/express/lib/router/layer.js:95:5)
    at /home/jaydiazsantana/Projects/bohios-pro/node_modules/express/lib/router/index.js:281:22
  code: 'ER_PARSE_ERROR',
  errno: 1064,
  sqlMessage:
   'You have an error in your SQL syntax; check the manual that corresponds to your MySQL server version for the right syntax to use near \'where id > 0 \n  \n  order by id desc\' at line 1',
  sqlState: '42000',
  index: 0,
  sql: 'select * from where id > 0 \n  \n  order by id desc;' }
2020-09-05T12:31:17-0400 <error> promoted.js:21 (localQuery.catch) Could not load promoted List.  { Error: ER_PARSE_ERROR: You have an error in your SQL syntax; check the manual that corresponds to your MySQL server version for the right syntax to use near 'where id > 0 
  
  order by id desc' at line 1
    at Query.Sequence._packetToError (/home/jaydiazsantana/Projects/bohios-pro/node_modules/mysql/lib/protocol/sequences/Sequence.js:47:14)
    at Query.ErrorPacket (/home/jaydiazsantana/Projects/bohios-pro/node_modules/mysql/lib/protocol/sequences/Query.js:79:18)
    at Protocol._parsePacket (/home/jaydiazsantana/Projects/bohios-pro/node_modules/mysql/lib/protocol/Protocol.js:291:23)
    at Parser._parsePacket (/home/jaydiazsantana/Projects/bohios-pro/node_modules/mysql/lib/protocol/Parser.js:433:10)
    at Parser.write (/home/jaydiazsantana/Projects/bohios-pro/node_modules/mysql/lib/protocol/Parser.js:43:10)
    at Protocol.write (/home/jaydiazsantana/Projects/bohios-pro/node_modules/mysql/lib/protocol/Protocol.js:38:16)
    at Socket.<anonymous> (/home/jaydiazsantana/Projects/bohios-pro/node_modules/mysql/lib/Connection.js:88:28)
    at Socket.<anonymous> (/home/jaydiazsantana/Projects/bohios-pro/node_modules/mysql/lib/Connection.js:526:10)
    at Socket.emit (events.js:198:13)
    at addChunk (_stream_readable.js:288:12)
    --------------------
    at Pool.query (/home/jaydiazsantana/Projects/bohios-pro/node_modules/mysql/lib/Pool.js:199:23)
    at Promise (/home/jaydiazsantana/Projects/bohios-pro/services/mysql.js:9:21)
    at new Promise (<anonymous>)
    at localQuery (/home/jaydiazsantana/Projects/bohios-pro/services/mysql.js:8:3)
    at getPromoted (/home/jaydiazsantana/Projects/bohios-pro/controllers/promoted.js:20:24)
    at Layer.handle [as handle_request] (/home/jaydiazsantana/Projects/bohios-pro/node_modules/express/lib/router/layer.js:95:5)
    at next (/home/jaydiazsantana/Projects/bohios-pro/node_modules/express/lib/router/route.js:137:13)
    at Route.dispatch (/home/jaydiazsantana/Projects/bohios-pro/node_modules/express/lib/router/route.js:112:3)
    at Layer.handle [as handle_request] (/home/jaydiazsantana/Projects/bohios-pro/node_modules/express/lib/router/layer.js:95:5)
    at /home/jaydiazsantana/Projects/bohios-pro/node_modules/express/lib/router/index.js:281:22
  code: 'ER_PARSE_ERROR',
  errno: 1064,
  sqlMessage:
   'You have an error in your SQL syntax; check the manual that corresponds to your MySQL server version for the right syntax to use near \'where id > 0 \n  \n  order by id desc\' at line 1',
  sqlState: '42000',
  index: 0,
  sql: 'select * from where id > 0 \n  \n  order by id desc;' }
2020-09-05T12:31:22-0400 <error> promoted.js:21 (localQuery.catch) Could not load promoted List.  { Error: ER_PARSE_ERROR: You have an error in your SQL syntax; check the manual that corresponds to your MySQL server version for the right syntax to use near 'where id > 0 
  
  order by id desc' at line 1
    at Query.Sequence._packetToError (/home/jaydiazsantana/Projects/bohios-pro/node_modules/mysql/lib/protocol/sequences/Sequence.js:47:14)
    at Query.ErrorPacket (/home/jaydiazsantana/Projects/bohios-pro/node_modules/mysql/lib/protocol/sequences/Query.js:79:18)
    at Protocol._parsePacket (/home/jaydiazsantana/Projects/bohios-pro/node_modules/mysql/lib/protocol/Protocol.js:291:23)
    at Parser._parsePacket (/home/jaydiazsantana/Projects/bohios-pro/node_modules/mysql/lib/protocol/Parser.js:433:10)
    at Parser.write (/home/jaydiazsantana/Projects/bohios-pro/node_modules/mysql/lib/protocol/Parser.js:43:10)
    at Protocol.write (/home/jaydiazsantana/Projects/bohios-pro/node_modules/mysql/lib/protocol/Protocol.js:38:16)
    at Socket.<anonymous> (/home/jaydiazsantana/Projects/bohios-pro/node_modules/mysql/lib/Connection.js:88:28)
    at Socket.<anonymous> (/home/jaydiazsantana/Projects/bohios-pro/node_modules/mysql/lib/Connection.js:526:10)
    at Socket.emit (events.js:198:13)
    at addChunk (_stream_readable.js:288:12)
    --------------------
    at Pool.query (/home/jaydiazsantana/Projects/bohios-pro/node_modules/mysql/lib/Pool.js:199:23)
    at Promise (/home/jaydiazsantana/Projects/bohios-pro/services/mysql.js:9:21)
    at new Promise (<anonymous>)
    at localQuery (/home/jaydiazsantana/Projects/bohios-pro/services/mysql.js:8:3)
    at getPromoted (/home/jaydiazsantana/Projects/bohios-pro/controllers/promoted.js:20:24)
    at Layer.handle [as handle_request] (/home/jaydiazsantana/Projects/bohios-pro/node_modules/express/lib/router/layer.js:95:5)
    at next (/home/jaydiazsantana/Projects/bohios-pro/node_modules/express/lib/router/route.js:137:13)
    at Route.dispatch (/home/jaydiazsantana/Projects/bohios-pro/node_modules/express/lib/router/route.js:112:3)
    at Layer.handle [as handle_request] (/home/jaydiazsantana/Projects/bohios-pro/node_modules/express/lib/router/layer.js:95:5)
    at /home/jaydiazsantana/Projects/bohios-pro/node_modules/express/lib/router/index.js:281:22
  code: 'ER_PARSE_ERROR',
  errno: 1064,
  sqlMessage:
   'You have an error in your SQL syntax; check the manual that corresponds to your MySQL server version for the right syntax to use near \'where id > 0 \n  \n  order by id desc\' at line 1',
  sqlState: '42000',
  index: 0,
  sql: 'select * from where id > 0 \n  \n  order by id desc;' }
2020-09-05T12:31:27-0400 <error> promoted.js:21 (localQuery.catch) Could not load promoted List.  { Error: ER_PARSE_ERROR: You have an error in your SQL syntax; check the manual that corresponds to your MySQL server version for the right syntax to use near 'where id > 0 
  
  order by id desc' at line 1
    at Query.Sequence._packetToError (/home/jaydiazsantana/Projects/bohios-pro/node_modules/mysql/lib/protocol/sequences/Sequence.js:47:14)
    at Query.ErrorPacket (/home/jaydiazsantana/Projects/bohios-pro/node_modules/mysql/lib/protocol/sequences/Query.js:79:18)
    at Protocol._parsePacket (/home/jaydiazsantana/Projects/bohios-pro/node_modules/mysql/lib/protocol/Protocol.js:291:23)
    at Parser._parsePacket (/home/jaydiazsantana/Projects/bohios-pro/node_modules/mysql/lib/protocol/Parser.js:433:10)
    at Parser.write (/home/jaydiazsantana/Projects/bohios-pro/node_modules/mysql/lib/protocol/Parser.js:43:10)
    at Protocol.write (/home/jaydiazsantana/Projects/bohios-pro/node_modules/mysql/lib/protocol/Protocol.js:38:16)
    at Socket.<anonymous> (/home/jaydiazsantana/Projects/bohios-pro/node_modules/mysql/lib/Connection.js:88:28)
    at Socket.<anonymous> (/home/jaydiazsantana/Projects/bohios-pro/node_modules/mysql/lib/Connection.js:526:10)
    at Socket.emit (events.js:198:13)
    at addChunk (_stream_readable.js:288:12)
    --------------------
    at Pool.query (/home/jaydiazsantana/Projects/bohios-pro/node_modules/mysql/lib/Pool.js:199:23)
    at Promise (/home/jaydiazsantana/Projects/bohios-pro/services/mysql.js:9:21)
    at new Promise (<anonymous>)
    at localQuery (/home/jaydiazsantana/Projects/bohios-pro/services/mysql.js:8:3)
    at getPromoted (/home/jaydiazsantana/Projects/bohios-pro/controllers/promoted.js:20:24)
    at Layer.handle [as handle_request] (/home/jaydiazsantana/Projects/bohios-pro/node_modules/express/lib/router/layer.js:95:5)
    at next (/home/jaydiazsantana/Projects/bohios-pro/node_modules/express/lib/router/route.js:137:13)
    at Route.dispatch (/home/jaydiazsantana/Projects/bohios-pro/node_modules/express/lib/router/route.js:112:3)
    at Layer.handle [as handle_request] (/home/jaydiazsantana/Projects/bohios-pro/node_modules/express/lib/router/layer.js:95:5)
    at /home/jaydiazsantana/Projects/bohios-pro/node_modules/express/lib/router/index.js:281:22
  code: 'ER_PARSE_ERROR',
  errno: 1064,
  sqlMessage:
   'You have an error in your SQL syntax; check the manual that corresponds to your MySQL server version for the right syntax to use near \'where id > 0 \n  \n  order by id desc\' at line 1',
  sqlState: '42000',
  index: 0,
  sql: 'select * from where id > 0 \n  \n  order by id desc;' }
2020-09-05T12:31:39-0400 <error> promoted.js:21 (localQuery.catch) Could not load promoted List.  { Error: ER_PARSE_ERROR: You have an error in your SQL syntax; check the manual that corresponds to your MySQL server version for the right syntax to use near 'where id > 0 
  
  order by id desc' at line 1
    at Query.Sequence._packetToError (/home/jaydiazsantana/Projects/bohios-pro/node_modules/mysql/lib/protocol/sequences/Sequence.js:47:14)
    at Query.ErrorPacket (/home/jaydiazsantana/Projects/bohios-pro/node_modules/mysql/lib/protocol/sequences/Query.js:79:18)
    at Protocol._parsePacket (/home/jaydiazsantana/Projects/bohios-pro/node_modules/mysql/lib/protocol/Protocol.js:291:23)
    at Parser._parsePacket (/home/jaydiazsantana/Projects/bohios-pro/node_modules/mysql/lib/protocol/Parser.js:433:10)
    at Parser.write (/home/jaydiazsantana/Projects/bohios-pro/node_modules/mysql/lib/protocol/Parser.js:43:10)
    at Protocol.write (/home/jaydiazsantana/Projects/bohios-pro/node_modules/mysql/lib/protocol/Protocol.js:38:16)
    at Socket.<anonymous> (/home/jaydiazsantana/Projects/bohios-pro/node_modules/mysql/lib/Connection.js:88:28)
    at Socket.<anonymous> (/home/jaydiazsantana/Projects/bohios-pro/node_modules/mysql/lib/Connection.js:526:10)
    at Socket.emit (events.js:198:13)
    at addChunk (_stream_readable.js:288:12)
    --------------------
    at Pool.query (/home/jaydiazsantana/Projects/bohios-pro/node_modules/mysql/lib/Pool.js:199:23)
    at Promise (/home/jaydiazsantana/Projects/bohios-pro/services/mysql.js:9:21)
    at new Promise (<anonymous>)
    at localQuery (/home/jaydiazsantana/Projects/bohios-pro/services/mysql.js:8:3)
    at getPromoted (/home/jaydiazsantana/Projects/bohios-pro/controllers/promoted.js:20:24)
    at Layer.handle [as handle_request] (/home/jaydiazsantana/Projects/bohios-pro/node_modules/express/lib/router/layer.js:95:5)
    at next (/home/jaydiazsantana/Projects/bohios-pro/node_modules/express/lib/router/route.js:137:13)
    at Route.dispatch (/home/jaydiazsantana/Projects/bohios-pro/node_modules/express/lib/router/route.js:112:3)
    at Layer.handle [as handle_request] (/home/jaydiazsantana/Projects/bohios-pro/node_modules/express/lib/router/layer.js:95:5)
    at /home/jaydiazsantana/Projects/bohios-pro/node_modules/express/lib/router/index.js:281:22
  code: 'ER_PARSE_ERROR',
  errno: 1064,
  sqlMessage:
   'You have an error in your SQL syntax; check the manual that corresponds to your MySQL server version for the right syntax to use near \'where id > 0 \n  \n  order by id desc\' at line 1',
  sqlState: '42000',
  index: 0,
  sql: 'select * from where id > 0 \n  \n  order by id desc;' }
2020-09-05T12:31:59-0400 <error> promoted.js:21 (localQuery.catch) Could not load promoted List.  { Error: ER_PARSE_ERROR: You have an error in your SQL syntax; check the manual that corresponds to your MySQL server version for the right syntax to use near 'where id > 0 
  
  order by id desc' at line 1
    at Query.Sequence._packetToError (/home/jaydiazsantana/Projects/bohios-pro/node_modules/mysql/lib/protocol/sequences/Sequence.js:47:14)
    at Query.ErrorPacket (/home/jaydiazsantana/Projects/bohios-pro/node_modules/mysql/lib/protocol/sequences/Query.js:79:18)
    at Protocol._parsePacket (/home/jaydiazsantana/Projects/bohios-pro/node_modules/mysql/lib/protocol/Protocol.js:291:23)
    at Parser._parsePacket (/home/jaydiazsantana/Projects/bohios-pro/node_modules/mysql/lib/protocol/Parser.js:433:10)
    at Parser.write (/home/jaydiazsantana/Projects/bohios-pro/node_modules/mysql/lib/protocol/Parser.js:43:10)
    at Protocol.write (/home/jaydiazsantana/Projects/bohios-pro/node_modules/mysql/lib/protocol/Protocol.js:38:16)
    at Socket.<anonymous> (/home/jaydiazsantana/Projects/bohios-pro/node_modules/mysql/lib/Connection.js:88:28)
    at Socket.<anonymous> (/home/jaydiazsantana/Projects/bohios-pro/node_modules/mysql/lib/Connection.js:526:10)
    at Socket.emit (events.js:198:13)
    at addChunk (_stream_readable.js:288:12)
    --------------------
    at Pool.query (/home/jaydiazsantana/Projects/bohios-pro/node_modules/mysql/lib/Pool.js:199:23)
    at Promise (/home/jaydiazsantana/Projects/bohios-pro/services/mysql.js:9:21)
    at new Promise (<anonymous>)
    at localQuery (/home/jaydiazsantana/Projects/bohios-pro/services/mysql.js:8:3)
    at getPromoted (/home/jaydiazsantana/Projects/bohios-pro/controllers/promoted.js:20:24)
    at Layer.handle [as handle_request] (/home/jaydiazsantana/Projects/bohios-pro/node_modules/express/lib/router/layer.js:95:5)
    at next (/home/jaydiazsantana/Projects/bohios-pro/node_modules/express/lib/router/route.js:137:13)
    at Route.dispatch (/home/jaydiazsantana/Projects/bohios-pro/node_modules/express/lib/router/route.js:112:3)
    at Layer.handle [as handle_request] (/home/jaydiazsantana/Projects/bohios-pro/node_modules/express/lib/router/layer.js:95:5)
    at /home/jaydiazsantana/Projects/bohios-pro/node_modules/express/lib/router/index.js:281:22
  code: 'ER_PARSE_ERROR',
  errno: 1064,
  sqlMessage:
   'You have an error in your SQL syntax; check the manual that corresponds to your MySQL server version for the right syntax to use near \'where id > 0 \n  \n  order by id desc\' at line 1',
  sqlState: '42000',
  index: 0,
  sql: 'select * from where id > 0 \n  \n  order by id desc;' }
2020-09-05T12:32:41-0400 <error> promoted.js:21 (localQuery.catch) Could not load promoted List.  { Error: ER_PARSE_ERROR: You have an error in your SQL syntax; check the manual that corresponds to your MySQL server version for the right syntax to use near 'where id > 0 
  
  order by id desc' at line 1
    at Query.Sequence._packetToError (/home/jaydiazsantana/Projects/bohios-pro/node_modules/mysql/lib/protocol/sequences/Sequence.js:47:14)
    at Query.ErrorPacket (/home/jaydiazsantana/Projects/bohios-pro/node_modules/mysql/lib/protocol/sequences/Query.js:79:18)
    at Protocol._parsePacket (/home/jaydiazsantana/Projects/bohios-pro/node_modules/mysql/lib/protocol/Protocol.js:291:23)
    at Parser._parsePacket (/home/jaydiazsantana/Projects/bohios-pro/node_modules/mysql/lib/protocol/Parser.js:433:10)
    at Parser.write (/home/jaydiazsantana/Projects/bohios-pro/node_modules/mysql/lib/protocol/Parser.js:43:10)
    at Protocol.write (/home/jaydiazsantana/Projects/bohios-pro/node_modules/mysql/lib/protocol/Protocol.js:38:16)
    at Socket.<anonymous> (/home/jaydiazsantana/Projects/bohios-pro/node_modules/mysql/lib/Connection.js:88:28)
    at Socket.<anonymous> (/home/jaydiazsantana/Projects/bohios-pro/node_modules/mysql/lib/Connection.js:526:10)
    at Socket.emit (events.js:198:13)
    at addChunk (_stream_readable.js:288:12)
    --------------------
    at Pool.query (/home/jaydiazsantana/Projects/bohios-pro/node_modules/mysql/lib/Pool.js:199:23)
    at Promise (/home/jaydiazsantana/Projects/bohios-pro/services/mysql.js:9:21)
    at new Promise (<anonymous>)
    at localQuery (/home/jaydiazsantana/Projects/bohios-pro/services/mysql.js:8:3)
    at getPromoted (/home/jaydiazsantana/Projects/bohios-pro/controllers/promoted.js:20:24)
    at Layer.handle [as handle_request] (/home/jaydiazsantana/Projects/bohios-pro/node_modules/express/lib/router/layer.js:95:5)
    at next (/home/jaydiazsantana/Projects/bohios-pro/node_modules/express/lib/router/route.js:137:13)
    at Route.dispatch (/home/jaydiazsantana/Projects/bohios-pro/node_modules/express/lib/router/route.js:112:3)
    at Layer.handle [as handle_request] (/home/jaydiazsantana/Projects/bohios-pro/node_modules/express/lib/router/layer.js:95:5)
    at /home/jaydiazsantana/Projects/bohios-pro/node_modules/express/lib/router/index.js:281:22
  code: 'ER_PARSE_ERROR',
  errno: 1064,
  sqlMessage:
   'You have an error in your SQL syntax; check the manual that corresponds to your MySQL server version for the right syntax to use near \'where id > 0 \n  \n  order by id desc\' at line 1',
  sqlState: '42000',
  index: 0,
  sql: 'select * from where id > 0 \n  \n  order by id desc;' }
2020-09-05T12:33:53-0400 <error> promoted.js:21 (localQuery.catch) Could not load promoted List.  { Error: ER_PARSE_ERROR: You have an error in your SQL syntax; check the manual that corresponds to your MySQL server version for the right syntax to use near 'where id > 0 
  
  order by id desc' at line 1
    at Query.Sequence._packetToError (/home/jaydiazsantana/Projects/bohios-pro/node_modules/mysql/lib/protocol/sequences/Sequence.js:47:14)
    at Query.ErrorPacket (/home/jaydiazsantana/Projects/bohios-pro/node_modules/mysql/lib/protocol/sequences/Query.js:79:18)
    at Protocol._parsePacket (/home/jaydiazsantana/Projects/bohios-pro/node_modules/mysql/lib/protocol/Protocol.js:291:23)
    at Parser._parsePacket (/home/jaydiazsantana/Projects/bohios-pro/node_modules/mysql/lib/protocol/Parser.js:433:10)
    at Parser.write (/home/jaydiazsantana/Projects/bohios-pro/node_modules/mysql/lib/protocol/Parser.js:43:10)
    at Protocol.write (/home/jaydiazsantana/Projects/bohios-pro/node_modules/mysql/lib/protocol/Protocol.js:38:16)
    at Socket.<anonymous> (/home/jaydiazsantana/Projects/bohios-pro/node_modules/mysql/lib/Connection.js:88:28)
    at Socket.<anonymous> (/home/jaydiazsantana/Projects/bohios-pro/node_modules/mysql/lib/Connection.js:526:10)
    at Socket.emit (events.js:198:13)
    at addChunk (_stream_readable.js:288:12)
    --------------------
    at Pool.query (/home/jaydiazsantana/Projects/bohios-pro/node_modules/mysql/lib/Pool.js:199:23)
    at Promise (/home/jaydiazsantana/Projects/bohios-pro/services/mysql.js:9:21)
    at new Promise (<anonymous>)
    at localQuery (/home/jaydiazsantana/Projects/bohios-pro/services/mysql.js:8:3)
    at getPromoted (/home/jaydiazsantana/Projects/bohios-pro/controllers/promoted.js:20:24)
    at Layer.handle [as handle_request] (/home/jaydiazsantana/Projects/bohios-pro/node_modules/express/lib/router/layer.js:95:5)
    at next (/home/jaydiazsantana/Projects/bohios-pro/node_modules/express/lib/router/route.js:137:13)
    at Route.dispatch (/home/jaydiazsantana/Projects/bohios-pro/node_modules/express/lib/router/route.js:112:3)
    at Layer.handle [as handle_request] (/home/jaydiazsantana/Projects/bohios-pro/node_modules/express/lib/router/layer.js:95:5)
    at /home/jaydiazsantana/Projects/bohios-pro/node_modules/express/lib/router/index.js:281:22
  code: 'ER_PARSE_ERROR',
  errno: 1064,
  sqlMessage:
   'You have an error in your SQL syntax; check the manual that corresponds to your MySQL server version for the right syntax to use near \'where id > 0 \n  \n  order by id desc\' at line 1',
  sqlState: '42000',
  index: 0,
  sql: 'select * from where id > 0 \n  \n  order by id desc;' }
2020-09-05T12:37:51-0400 <error> promoted.js:23 (localQuery.catch) Could not load promoted List.  { Error: ER_PARSE_ERROR: You have an error in your SQL syntax; check the manual that corresponds to your MySQL server version for the right syntax to use near 'where id > 0 
  
  order by id desc' at line 1
    at Query.Sequence._packetToError (/home/jaydiazsantana/Projects/bohios-pro/node_modules/mysql/lib/protocol/sequences/Sequence.js:47:14)
    at Query.ErrorPacket (/home/jaydiazsantana/Projects/bohios-pro/node_modules/mysql/lib/protocol/sequences/Query.js:79:18)
    at Protocol._parsePacket (/home/jaydiazsantana/Projects/bohios-pro/node_modules/mysql/lib/protocol/Protocol.js:291:23)
    at Parser._parsePacket (/home/jaydiazsantana/Projects/bohios-pro/node_modules/mysql/lib/protocol/Parser.js:433:10)
    at Parser.write (/home/jaydiazsantana/Projects/bohios-pro/node_modules/mysql/lib/protocol/Parser.js:43:10)
    at Protocol.write (/home/jaydiazsantana/Projects/bohios-pro/node_modules/mysql/lib/protocol/Protocol.js:38:16)
    at Socket.<anonymous> (/home/jaydiazsantana/Projects/bohios-pro/node_modules/mysql/lib/Connection.js:88:28)
    at Socket.<anonymous> (/home/jaydiazsantana/Projects/bohios-pro/node_modules/mysql/lib/Connection.js:526:10)
    at Socket.emit (events.js:198:13)
    at addChunk (_stream_readable.js:288:12)
    --------------------
    at Pool.query (/home/jaydiazsantana/Projects/bohios-pro/node_modules/mysql/lib/Pool.js:199:23)
    at Promise (/home/jaydiazsantana/Projects/bohios-pro/services/mysql.js:9:21)
    at new Promise (<anonymous>)
    at localQuery (/home/jaydiazsantana/Projects/bohios-pro/services/mysql.js:8:3)
    at getPromoted (/home/jaydiazsantana/Projects/bohios-pro/controllers/promoted.js:22:24)
    at Layer.handle [as handle_request] (/home/jaydiazsantana/Projects/bohios-pro/node_modules/express/lib/router/layer.js:95:5)
    at next (/home/jaydiazsantana/Projects/bohios-pro/node_modules/express/lib/router/route.js:137:13)
    at Route.dispatch (/home/jaydiazsantana/Projects/bohios-pro/node_modules/express/lib/router/route.js:112:3)
    at Layer.handle [as handle_request] (/home/jaydiazsantana/Projects/bohios-pro/node_modules/express/lib/router/layer.js:95:5)
    at /home/jaydiazsantana/Projects/bohios-pro/node_modules/express/lib/router/index.js:281:22
  code: 'ER_PARSE_ERROR',
  errno: 1064,
  sqlMessage:
   'You have an error in your SQL syntax; check the manual that corresponds to your MySQL server version for the right syntax to use near \'where id > 0 \n  \n  order by id desc\' at line 1',
  sqlState: '42000',
  index: 0,
  sql: 'select * from where id > 0 \n  \n  order by id desc;' }
2020-09-05T22:57:04-0400 <error> promoted.js:84 (savePromoted.catch) Could not save Promoted.  ER_BAD_FIELD_ERROR: Unknown column 'link' in 'field list'
2020-09-10T22:23:45-0400 <error> promoted.js:105 (saveImage.catch.ex) Could not save Promoted image.  TypeError [ERR_INVALID_ARG_TYPE]: The "path" argument must be one of type string, Buffer, or URL. Received type function
    at Object.open (fs.js:408:3)
    at Object.writeFile (fs.js:1172:6)
    at Promise (/home/jaydiazsantana/Projects/bohios-pro/services/image.js:9:6)
    at new Promise (<anonymous>)
    at saveImage (/home/jaydiazsantana/Projects/bohios-pro/services/image.js:8:2)
    at postSavePromoted (/home/jaydiazsantana/Projects/bohios-pro/controllers/promoted.js:104:5)
    at Layer.handle [as handle_request] (/home/jaydiazsantana/Projects/bohios-pro/node_modules/express/lib/router/layer.js:95:5)
    at next (/home/jaydiazsantana/Projects/bohios-pro/node_modules/express/lib/router/route.js:137:13)
    at Route.dispatch (/home/jaydiazsantana/Projects/bohios-pro/node_modules/express/lib/router/route.js:112:3)
    at Layer.handle [as handle_request] (/home/jaydiazsantana/Projects/bohios-pro/node_modules/express/lib/router/layer.js:95:5)
2020-09-10T22:23:45-0400 <error> promoted.js:118 (savePromoted.catch) Could not save Promoted.  ER_BAD_FIELD_ERROR: Unknown column 'img' in 'field list'
2020-09-10T22:27:24-0400 <error> promoted.js:106 (saveImage.catch.ex) Could not save Promoted image.  TypeError [ERR_INVALID_ARG_TYPE]: The "path" argument must be one of type string, Buffer, or URL. Received type function
    at Object.open (fs.js:408:3)
    at Object.writeFile (fs.js:1172:6)
    at Promise (/home/jaydiazsantana/Projects/bohios-pro/services/image.js:9:6)
    at new Promise (<anonymous>)
    at saveImage (/home/jaydiazsantana/Projects/bohios-pro/services/image.js:8:2)
    at postSavePromoted (/home/jaydiazsantana/Projects/bohios-pro/controllers/promoted.js:105:5)
    at Layer.handle [as handle_request] (/home/jaydiazsantana/Projects/bohios-pro/node_modules/express/lib/router/layer.js:95:5)
    at next (/home/jaydiazsantana/Projects/bohios-pro/node_modules/express/lib/router/route.js:137:13)
    at Route.dispatch (/home/jaydiazsantana/Projects/bohios-pro/node_modules/express/lib/router/route.js:112:3)
    at Layer.handle [as handle_request] (/home/jaydiazsantana/Projects/bohios-pro/node_modules/express/lib/router/layer.js:95:5)
2020-09-10T22:27:24-0400 <error> promoted.js:119 (savePromoted.catch) Could not save Promoted.  ER_BAD_FIELD_ERROR: Unknown column 'img' in 'field list'
2020-09-10T22:28:11-0400 <error> promoted.js:107 (saveImage.catch.ex) Could not save Promoted image.  TypeError [ERR_INVALID_ARG_TYPE]: The "path" argument must be one of type string, Buffer, or URL. Received type function
    at Object.open (fs.js:408:3)
    at Object.writeFile (fs.js:1172:6)
    at Promise (/home/jaydiazsantana/Projects/bohios-pro/services/image.js:9:6)
    at new Promise (<anonymous>)
    at saveImage (/home/jaydiazsantana/Projects/bohios-pro/services/image.js:8:2)
    at postSavePromoted (/home/jaydiazsantana/Projects/bohios-pro/controllers/promoted.js:106:5)
    at Layer.handle [as handle_request] (/home/jaydiazsantana/Projects/bohios-pro/node_modules/express/lib/router/layer.js:95:5)
    at next (/home/jaydiazsantana/Projects/bohios-pro/node_modules/express/lib/router/route.js:137:13)
    at Route.dispatch (/home/jaydiazsantana/Projects/bohios-pro/node_modules/express/lib/router/route.js:112:3)
    at Layer.handle [as handle_request] (/home/jaydiazsantana/Projects/bohios-pro/node_modules/express/lib/router/layer.js:95:5)
2020-09-10T22:28:11-0400 <error> promoted.js:120 (savePromoted.catch) Could not save Promoted.  ER_BAD_FIELD_ERROR: Unknown column 'img' in 'field list'
2020-09-10T22:32:13-0400 <error> promoted.js:107 (saveImage.catch.ex) Could not save Promoted image.  TypeError [ERR_INVALID_ARG_TYPE]: The "path" argument must be one of type string, Buffer, or URL. Received type function
    at Object.open (fs.js:408:3)
    at Object.writeFile (fs.js:1172:6)
    at Promise (/home/jaydiazsantana/Projects/bohios-pro/services/image.js:9:6)
    at new Promise (<anonymous>)
    at saveImage (/home/jaydiazsantana/Projects/bohios-pro/services/image.js:8:2)
    at postSavePromoted (/home/jaydiazsantana/Projects/bohios-pro/controllers/promoted.js:106:5)
    at Layer.handle [as handle_request] (/home/jaydiazsantana/Projects/bohios-pro/node_modules/express/lib/router/layer.js:95:5)
    at next (/home/jaydiazsantana/Projects/bohios-pro/node_modules/express/lib/router/route.js:137:13)
    at Route.dispatch (/home/jaydiazsantana/Projects/bohios-pro/node_modules/express/lib/router/route.js:112:3)
    at Layer.handle [as handle_request] (/home/jaydiazsantana/Projects/bohios-pro/node_modules/express/lib/router/layer.js:95:5)
2020-09-10T22:32:13-0400 <error> promoted.js:120 (savePromoted.catch) Could not save Promoted.  ER_BAD_FIELD_ERROR: Unknown column 'img' in 'field list'
2020-09-10T22:36:43-0400 <error> promoted.js:107 (saveImage.catch.ex) Could not save Promoted image.  TypeError [ERR_INVALID_ARG_TYPE]: The "path" argument must be one of type string, Buffer, or URL. Received type function
    at Object.open (fs.js:408:3)
    at Object.writeFile (fs.js:1172:6)
    at Promise (/home/jaydiazsantana/Projects/bohios-pro/services/image.js:9:6)
    at new Promise (<anonymous>)
    at saveImage (/home/jaydiazsantana/Projects/bohios-pro/services/image.js:8:2)
    at postSavePromoted (/home/jaydiazsantana/Projects/bohios-pro/controllers/promoted.js:106:5)
    at Layer.handle [as handle_request] (/home/jaydiazsantana/Projects/bohios-pro/node_modules/express/lib/router/layer.js:95:5)
    at next (/home/jaydiazsantana/Projects/bohios-pro/node_modules/express/lib/router/route.js:137:13)
    at Route.dispatch (/home/jaydiazsantana/Projects/bohios-pro/node_modules/express/lib/router/route.js:112:3)
    at Layer.handle [as handle_request] (/home/jaydiazsantana/Projects/bohios-pro/node_modules/express/lib/router/layer.js:95:5)
2020-09-10T22:36:43-0400 <error> promoted.js:120 (savePromoted.catch) Could not save Promoted.  ER_BAD_FIELD_ERROR: Unknown column 'img' in 'field list'
2020-09-10T22:37:47-0400 <error> promoted.js:107 (saveImage.catch.ex) Could not save Promoted image.  TypeError [ERR_INVALID_ARG_TYPE]: The "path" argument must be one of type string, Buffer, or URL. Received type function
    at Object.open (fs.js:408:3)
    at Object.writeFile (fs.js:1172:6)
    at Promise (/home/jaydiazsantana/Projects/bohios-pro/services/image.js:9:6)
    at new Promise (<anonymous>)
    at saveImage (/home/jaydiazsantana/Projects/bohios-pro/services/image.js:8:2)
    at postSavePromoted (/home/jaydiazsantana/Projects/bohios-pro/controllers/promoted.js:106:11)
    at Layer.handle [as handle_request] (/home/jaydiazsantana/Projects/bohios-pro/node_modules/express/lib/router/layer.js:95:5)
    at next (/home/jaydiazsantana/Projects/bohios-pro/node_modules/express/lib/router/route.js:137:13)
    at Route.dispatch (/home/jaydiazsantana/Projects/bohios-pro/node_modules/express/lib/router/route.js:112:3)
    at Layer.handle [as handle_request] (/home/jaydiazsantana/Projects/bohios-pro/node_modules/express/lib/router/layer.js:95:5)
2020-09-10T22:37:47-0400 <error> promoted.js:120 (savePromoted.catch) Could not save Promoted.  ER_BAD_FIELD_ERROR: Unknown column 'img' in 'field list'
2020-09-10T22:42:39-0400 <error> promoted.js:107 (saveImage.catch.ex) Could not save Promoted image.  TypeError [ERR_INVALID_ARG_TYPE]: The "path" argument must be one of type string, Buffer, or URL. Received type function
    at Object.open (fs.js:408:3)
    at Object.writeFile (fs.js:1172:6)
    at Promise (/home/jaydiazsantana/Projects/bohios-pro/services/image.js:9:6)
    at new Promise (<anonymous>)
    at saveImage (/home/jaydiazsantana/Projects/bohios-pro/services/image.js:8:2)
    at postSavePromoted (/home/jaydiazsantana/Projects/bohios-pro/controllers/promoted.js:106:11)
    at Layer.handle [as handle_request] (/home/jaydiazsantana/Projects/bohios-pro/node_modules/express/lib/router/layer.js:95:5)
    at next (/home/jaydiazsantana/Projects/bohios-pro/node_modules/express/lib/router/route.js:137:13)
    at Route.dispatch (/home/jaydiazsantana/Projects/bohios-pro/node_modules/express/lib/router/route.js:112:3)
    at Layer.handle [as handle_request] (/home/jaydiazsantana/Projects/bohios-pro/node_modules/express/lib/router/layer.js:95:5)
2020-09-10T22:42:39-0400 <error> promoted.js:120 (savePromoted.catch) Could not save Promoted.  ER_BAD_FIELD_ERROR: Unknown column 'img' in 'field list'
2020-09-11T20:44:58-0400 <error> promoted.js:107 (saveImage.catch.ex) Could not save Promoted image.  TypeError [ERR_INVALID_ARG_TYPE]: The "path" argument must be one of type string, Buffer, or URL. Received type function
    at Object.open (fs.js:408:3)
    at Object.writeFile (fs.js:1172:6)
    at Promise (/home/jaydiazsantana/Projects/bohios-pro/services/image.js:9:6)
    at new Promise (<anonymous>)
    at saveImage (/home/jaydiazsantana/Projects/bohios-pro/services/image.js:8:2)
    at postSavePromoted (/home/jaydiazsantana/Projects/bohios-pro/controllers/promoted.js:106:11)
    at Layer.handle [as handle_request] (/home/jaydiazsantana/Projects/bohios-pro/node_modules/express/lib/router/layer.js:95:5)
    at next (/home/jaydiazsantana/Projects/bohios-pro/node_modules/express/lib/router/route.js:137:13)
    at Route.dispatch (/home/jaydiazsantana/Projects/bohios-pro/node_modules/express/lib/router/route.js:112:3)
    at Layer.handle [as handle_request] (/home/jaydiazsantana/Projects/bohios-pro/node_modules/express/lib/router/layer.js:95:5)
2020-09-11T20:44:59-0400 <error> promoted.js:120 (savePromoted.catch) Could not save Promoted.  ER_BAD_FIELD_ERROR: Unknown column 'img' in 'field list'
2020-09-11T20:48:30-0400 <error> promoted.js:107 (saveImage.catch.ex) Could not save Promoted image.  TypeError [ERR_INVALID_ARG_TYPE]: The "path" argument must be one of type string, Buffer, or URL. Received type function
    at Object.open (fs.js:408:3)
    at Object.writeFile (fs.js:1172:6)
    at Promise (/home/jaydiazsantana/Projects/bohios-pro/services/image.js:9:6)
    at new Promise (<anonymous>)
    at saveImage (/home/jaydiazsantana/Projects/bohios-pro/services/image.js:8:2)
    at postSavePromoted (/home/jaydiazsantana/Projects/bohios-pro/controllers/promoted.js:106:11)
    at Layer.handle [as handle_request] (/home/jaydiazsantana/Projects/bohios-pro/node_modules/express/lib/router/layer.js:95:5)
    at next (/home/jaydiazsantana/Projects/bohios-pro/node_modules/express/lib/router/route.js:137:13)
    at Route.dispatch (/home/jaydiazsantana/Projects/bohios-pro/node_modules/express/lib/router/route.js:112:3)
    at Layer.handle [as handle_request] (/home/jaydiazsantana/Projects/bohios-pro/node_modules/express/lib/router/layer.js:95:5)
2020-09-11T20:51:26-0400 <error> promoted.js:107 (saveImage.catch.ex) Could not save Promoted image.  TypeError [ERR_INVALID_ARG_TYPE]: The "path" argument must be one of type string, Buffer, or URL. Received type function
    at Object.open (fs.js:408:3)
    at Object.writeFile (fs.js:1172:6)
    at Promise (/home/jaydiazsantana/Projects/bohios-pro/services/image.js:9:6)
    at new Promise (<anonymous>)
    at saveImage (/home/jaydiazsantana/Projects/bohios-pro/services/image.js:8:2)
    at postSavePromoted (/home/jaydiazsantana/Projects/bohios-pro/controllers/promoted.js:106:11)
    at Layer.handle [as handle_request] (/home/jaydiazsantana/Projects/bohios-pro/node_modules/express/lib/router/layer.js:95:5)
    at next (/home/jaydiazsantana/Projects/bohios-pro/node_modules/express/lib/router/route.js:137:13)
    at Route.dispatch (/home/jaydiazsantana/Projects/bohios-pro/node_modules/express/lib/router/route.js:112:3)
    at Layer.handle [as handle_request] (/home/jaydiazsantana/Projects/bohios-pro/node_modules/express/lib/router/layer.js:95:5)
2020-09-11T20:53:19-0400 <error> promoted.js:107 (saveImage.catch.ex) Could not save Promoted image.  TypeError [ERR_INVALID_ARG_TYPE]: The "path" argument must be one of type string, Buffer, or URL. Received type function
    at Object.open (fs.js:408:3)
    at Object.writeFile (fs.js:1172:6)
    at Promise (/home/jaydiazsantana/Projects/bohios-pro/services/image.js:9:6)
    at new Promise (<anonymous>)
    at saveImage (/home/jaydiazsantana/Projects/bohios-pro/services/image.js:8:2)
    at postSavePromoted (/home/jaydiazsantana/Projects/bohios-pro/controllers/promoted.js:106:11)
    at Layer.handle [as handle_request] (/home/jaydiazsantana/Projects/bohios-pro/node_modules/express/lib/router/layer.js:95:5)
    at next (/home/jaydiazsantana/Projects/bohios-pro/node_modules/express/lib/router/route.js:137:13)
    at Route.dispatch (/home/jaydiazsantana/Projects/bohios-pro/node_modules/express/lib/router/route.js:112:3)
    at Layer.handle [as handle_request] (/home/jaydiazsantana/Projects/bohios-pro/node_modules/express/lib/router/layer.js:95:5)
2020-09-11T20:53:57-0400 <error> promoted.js:107 (saveImage.catch.ex) Could not save Promoted image.  TypeError [ERR_INVALID_ARG_TYPE]: The "path" argument must be one of type string, Buffer, or URL. Received type function
    at Object.open (fs.js:408:3)
    at Object.writeFile (fs.js:1172:6)
    at Promise (/home/jaydiazsantana/Projects/bohios-pro/services/image.js:9:6)
    at new Promise (<anonymous>)
    at saveImage (/home/jaydiazsantana/Projects/bohios-pro/services/image.js:8:2)
    at postSavePromoted (/home/jaydiazsantana/Projects/bohios-pro/controllers/promoted.js:106:11)
    at Layer.handle [as handle_request] (/home/jaydiazsantana/Projects/bohios-pro/node_modules/express/lib/router/layer.js:95:5)
    at next (/home/jaydiazsantana/Projects/bohios-pro/node_modules/express/lib/router/route.js:137:13)
    at Route.dispatch (/home/jaydiazsantana/Projects/bohios-pro/node_modules/express/lib/router/route.js:112:3)
    at Layer.handle [as handle_request] (/home/jaydiazsantana/Projects/bohios-pro/node_modules/express/lib/router/layer.js:95:5)
2020-09-11T20:55:30-0400 <error> promoted.js:110 (postSavePromoted) Could not save Promoted image.  TypeError [ERR_INVALID_ARG_TYPE]: The "path" argument must be one of type string, Buffer, or URL. Received type function
    at Object.open (fs.js:408:3)
    at Object.writeFile (fs.js:1172:6)
    at Promise (/home/jaydiazsantana/Projects/bohios-pro/services/image.js:9:6)
    at new Promise (<anonymous>)
    at saveImage (/home/jaydiazsantana/Projects/bohios-pro/services/image.js:8:2)
    at postSavePromoted (/home/jaydiazsantana/Projects/bohios-pro/controllers/promoted.js:108:13)
    at Layer.handle [as handle_request] (/home/jaydiazsantana/Projects/bohios-pro/node_modules/express/lib/router/layer.js:95:5)
    at next (/home/jaydiazsantana/Projects/bohios-pro/node_modules/express/lib/router/route.js:137:13)
    at Route.dispatch (/home/jaydiazsantana/Projects/bohios-pro/node_modules/express/lib/router/route.js:112:3)
    at Layer.handle [as handle_request] (/home/jaydiazsantana/Projects/bohios-pro/node_modules/express/lib/router/layer.js:95:5)
2020-09-11T20:58:12-0400 <error> promoted.js:109 (postSavePromoted) Could not save Promoted image.  TypeError [ERR_INVALID_ARG_TYPE]: The "path" argument must be one of type string, Buffer, or URL. Received type function
    at Object.open (fs.js:408:3)
    at Object.writeFile (fs.js:1172:6)
    at Promise (/home/jaydiazsantana/Projects/bohios-pro/services/image.js:9:6)
    at new Promise (<anonymous>)
    at saveImage (/home/jaydiazsantana/Projects/bohios-pro/services/image.js:8:2)
    at postSavePromoted (/home/jaydiazsantana/Projects/bohios-pro/controllers/promoted.js:107:13)
    at Layer.handle [as handle_request] (/home/jaydiazsantana/Projects/bohios-pro/node_modules/express/lib/router/layer.js:95:5)
    at next (/home/jaydiazsantana/Projects/bohios-pro/node_modules/express/lib/router/route.js:137:13)
    at Route.dispatch (/home/jaydiazsantana/Projects/bohios-pro/node_modules/express/lib/router/route.js:112:3)
    at Layer.handle [as handle_request] (/home/jaydiazsantana/Projects/bohios-pro/node_modules/express/lib/router/layer.js:95:5)
2020-09-11T21:00:48-0400 <error> promoted.js:111 (postSavePromoted) Could not save Promoted image.  TypeError [ERR_INVALID_ARG_TYPE]: The "path" argument must be one of type string, Buffer, or URL. Received type function
    at Object.open (fs.js:408:3)
    at Object.writeFile (fs.js:1172:6)
    at Promise (/home/jaydiazsantana/Projects/bohios-pro/services/image.js:9:6)
    at new Promise (<anonymous>)
    at saveImage (/home/jaydiazsantana/Projects/bohios-pro/services/image.js:8:2)
    at postSavePromoted (/home/jaydiazsantana/Projects/bohios-pro/controllers/promoted.js:109:13)
    at Layer.handle [as handle_request] (/home/jaydiazsantana/Projects/bohios-pro/node_modules/express/lib/router/layer.js:95:5)
    at next (/home/jaydiazsantana/Projects/bohios-pro/node_modules/express/lib/router/route.js:137:13)
    at Route.dispatch (/home/jaydiazsantana/Projects/bohios-pro/node_modules/express/lib/router/route.js:112:3)
    at Layer.handle [as handle_request] (/home/jaydiazsantana/Projects/bohios-pro/node_modules/express/lib/router/layer.js:95:5)
2020-09-12T12:48:12-0400 <error> promoted.js:133 (savePromoted.catch) Could not save Promoted.  ER_PARSE_ERROR: You have an error in your SQL syntax; check the manual that corresponds to your MySQL server version for the right syntax to use near '1
      )' at line 6
2020-09-12T12:49:55-0400 <error> promoted.js:133 (savePromoted.catch) Could not save Promoted.  ER_PARSE_ERROR: You have an error in your SQL syntax; check the manual that corresponds to your MySQL server version for the right syntax to use near '1
      )' at line 6
